
*** Running vivado
    with args -log AddSub.vds -m64 -product Vivado -mode batch -messageDb vivado.pb -notrace -source AddSub.tcl


ECHO is off.
ECHO is off.

****** Vivado v2023.1 (64-bit)
  **** SW Build 3865809 on Sun May  7 15:05:29 MDT 2023
  **** IP Build 3864474 on Sun May  7 20:36:21 MDT 2023
  **** SharedData Build 3865790 on Sun May 07 13:33:03 MDT 2023
    ** Copyright 1986-2022 Xilinx, Inc. All Rights Reserved.
    ** Copyright 2022-2023 Advanced Micro Devices, Inc. All Rights Reserved.

source AddSub.tcl -notrace
create_project: Time (s): cpu = 00:00:08 ; elapsed = 00:00:26 . Memory (MB): peak = 447.723 ; gain = 163.543
Command: read_checkpoint -auto_incremental -incremental {D:/Verilog Projects/4bitAdder/4bitAdder.srcs/utils_1/imports/synth_1/RAdder.dcp}
INFO: [Vivado 12-5825] Read reference checkpoint from D:/Verilog Projects/4bitAdder/4bitAdder.srcs/utils_1/imports/synth_1/RAdder.dcp for incremental synthesis
INFO: [Vivado 12-7989] Please ensure there are no constraint changes
Command: synth_design -top AddSub -part xc7a200tfbg676-2
Starting synth_design
Attempting to get a license for feature 'Synthesis' and/or device 'xc7a200t'
INFO: [Common 17-349] Got license for feature 'Synthesis' and/or device 'xc7a200t'
INFO: [Designutils 20-5440] No compile time benefit to using incremental synthesis; A full resynthesis will be run
INFO: [Designutils 20-4379] Flow is switching to default flow due to incremental criteria not met. If you would like to alter this behaviour and have the flow terminate instead, please set the following parameter config_implementation {autoIncr.Synth.RejectBehavior Terminate}
INFO: [Synth 8-7079] Multithreading enabled for synth_design using a maximum of 2 processes.
INFO: [Synth 8-7078] Launching helper process for spawning children vivado processes
INFO: [Synth 8-7075] Helper process launched with PID 20180
---------------------------------------------------------------------------------
Starting Synthesize : Time (s): cpu = 00:00:07 ; elapsed = 00:00:16 . Memory (MB): peak = 891.500 ; gain = 411.348
---------------------------------------------------------------------------------
INFO: [Synth 8-6157] synthesizing module 'AddSub' [D:/Verilog Projects/4bitAdder/4bitAdder.srcs/sources_1/new/AddSub.v:3]
INFO: [Synth 8-6157] synthesizing module 'coninv' [D:/Verilog Projects/4bitAdder/4bitAdder.srcs/sources_1/new/coninv.v:3]
INFO: [Synth 8-6155] done synthesizing module 'coninv' (0#1) [D:/Verilog Projects/4bitAdder/4bitAdder.srcs/sources_1/new/coninv.v:3]
INFO: [Synth 8-6157] synthesizing module 'RAdder' [D:/Verilog Projects/4bitAdder/4bitAdder.srcs/sources_1/new/4Adder.v:3]
INFO: [Synth 8-6157] synthesizing module 'FAdder' [D:/Verilog Projects/4bitAdder/4bitAdder.srcs/sources_1/new/FAdder.v:3]
INFO: [Synth 8-6157] synthesizing module 'Sum' [D:/Verilog Projects/4bitAdder/4bitAdder.srcs/sources_1/new/Sum.v:3]
INFO: [Synth 8-6155] done synthesizing module 'Sum' (0#1) [D:/Verilog Projects/4bitAdder/4bitAdder.srcs/sources_1/new/Sum.v:3]
INFO: [Synth 8-6157] synthesizing module 'Carry' [D:/Verilog Projects/4bitAdder/4bitAdder.srcs/sources_1/new/Carry.v:3]
INFO: [Synth 8-6155] done synthesizing module 'Carry' (0#1) [D:/Verilog Projects/4bitAdder/4bitAdder.srcs/sources_1/new/Carry.v:3]
INFO: [Synth 8-6155] done synthesizing module 'FAdder' (0#1) [D:/Verilog Projects/4bitAdder/4bitAdder.srcs/sources_1/new/FAdder.v:3]
INFO: [Synth 8-6155] done synthesizing module 'RAdder' (0#1) [D:/Verilog Projects/4bitAdder/4bitAdder.srcs/sources_1/new/4Adder.v:3]
INFO: [Synth 8-6155] done synthesizing module 'AddSub' (0#1) [D:/Verilog Projects/4bitAdder/4bitAdder.srcs/sources_1/new/AddSub.v:3]
WARNING: [Synth 8-3848] Net d in module/entity AddSub does not have driver. [D:/Verilog Projects/4bitAdder/4bitAdder.srcs/sources_1/new/AddSub.v:8]
---------------------------------------------------------------------------------
Finished Synthesize : Time (s): cpu = 00:00:08 ; elapsed = 00:00:21 . Memory (MB): peak = 981.641 ; gain = 501.488
---------------------------------------------------------------------------------
---------------------------------------------------------------------------------
Finished Constraint Validation : Time (s): cpu = 00:00:09 ; elapsed = 00:00:22 . Memory (MB): peak = 981.641 ; gain = 501.488
---------------------------------------------------------------------------------
---------------------------------------------------------------------------------
Start Loading Part and Timing Information
---------------------------------------------------------------------------------
Loading part: xc7a200tfbg676-2
---------------------------------------------------------------------------------
Finished Loading Part and Timing Information : Time (s): cpu = 00:00:09 ; elapsed = 00:00:22 . Memory (MB): peak = 981.641 ; gain = 501.488
---------------------------------------------------------------------------------
INFO: [Device 21-403] Loading part xc7a200tfbg676-2
---------------------------------------------------------------------------------
Finished RTL Optimization Phase 2 : Time (s): cpu = 00:00:09 ; elapsed = 00:00:22 . Memory (MB): peak = 981.641 ; gain = 501.488
---------------------------------------------------------------------------------
No constraint files found.
---------------------------------------------------------------------------------
Start RTL Component Statistics 
---------------------------------------------------------------------------------
Detailed RTL Component Info : 
+---XORs : 
	   2 Input      1 Bit         XORs := 8     
	   3 Input      1 Bit         XORs := 8     
---------------------------------------------------------------------------------
Finished RTL Component Statistics 
---------------------------------------------------------------------------------
---------------------------------------------------------------------------------
Start Part Resource Summary
---------------------------------------------------------------------------------
Part Resources:
DSPs: 740 (col length:100)
BRAMs: 730 (col length: RAMB18 100 RAMB36 50)
---------------------------------------------------------------------------------
Finished Part Resource Summary
---------------------------------------------------------------------------------
No constraint files found.
---------------------------------------------------------------------------------
Start Cross Boundary and Area Optimization
---------------------------------------------------------------------------------
WARNING: [Synth 8-7080] Parallel synthesis criteria is not met
---------------------------------------------------------------------------------
Finished Cross Boundary and Area Optimization : Time (s): cpu = 00:00:15 ; elapsed = 00:00:41 . Memory (MB): peak = 1222.020 ; gain = 741.867
---------------------------------------------------------------------------------
No constraint files found.
---------------------------------------------------------------------------------
Start Timing Optimization
---------------------------------------------------------------------------------
---------------------------------------------------------------------------------
Finished Timing Optimization : Time (s): cpu = 00:00:15 ; elapsed = 00:00:41 . Memory (MB): peak = 1222.020 ; gain = 741.867
---------------------------------------------------------------------------------
---------------------------------------------------------------------------------
Start Technology Mapping
---------------------------------------------------------------------------------
---------------------------------------------------------------------------------
Finished Technology Mapping : Time (s): cpu = 00:00:15 ; elapsed = 00:00:41 . Memory (MB): peak = 1222.020 ; gain = 741.867
---------------------------------------------------------------------------------
---------------------------------------------------------------------------------
Start IO Insertion
---------------------------------------------------------------------------------
---------------------------------------------------------------------------------
Start Flattening Before IO Insertion
---------------------------------------------------------------------------------
---------------------------------------------------------------------------------
Finished Flattening Before IO Insertion
---------------------------------------------------------------------------------
---------------------------------------------------------------------------------
Start Final Netlist Cleanup
---------------------------------------------------------------------------------
---------------------------------------------------------------------------------
Finished Final Netlist Cleanup
---------------------------------------------------------------------------------
---------------------------------------------------------------------------------
Finished IO Insertion : Time (s): cpu = 00:00:20 ; elapsed = 00:00:52 . Memory (MB): peak = 1222.020 ; gain = 741.867
---------------------------------------------------------------------------------
---------------------------------------------------------------------------------
Start Renaming Generated Instances
---------------------------------------------------------------------------------
---------------------------------------------------------------------------------
Finished Renaming Generated Instances : Time (s): cpu = 00:00:20 ; elapsed = 00:00:52 . Memory (MB): peak = 1222.020 ; gain = 741.867
---------------------------------------------------------------------------------
---------------------------------------------------------------------------------
Start Rebuilding User Hierarchy
---------------------------------------------------------------------------------
---------------------------------------------------------------------------------
Finished Rebuilding User Hierarchy : Time (s): cpu = 00:00:20 ; elapsed = 00:00:52 . Memory (MB): peak = 1222.020 ; gain = 741.867
---------------------------------------------------------------------------------
---------------------------------------------------------------------------------
Start Renaming Generated Ports
---------------------------------------------------------------------------------
---------------------------------------------------------------------------------
Finished Renaming Generated Ports : Time (s): cpu = 00:00:20 ; elapsed = 00:00:52 . Memory (MB): peak = 1222.020 ; gain = 741.867
---------------------------------------------------------------------------------
---------------------------------------------------------------------------------
Start Handling Custom Attributes
---------------------------------------------------------------------------------
---------------------------------------------------------------------------------
Finished Handling Custom Attributes : Time (s): cpu = 00:00:20 ; elapsed = 00:00:52 . Memory (MB): peak = 1222.020 ; gain = 741.867
---------------------------------------------------------------------------------
---------------------------------------------------------------------------------
Start Renaming Generated Nets
---------------------------------------------------------------------------------
---------------------------------------------------------------------------------
Finished Renaming Generated Nets : Time (s): cpu = 00:00:20 ; elapsed = 00:00:52 . Memory (MB): peak = 1222.020 ; gain = 741.867
---------------------------------------------------------------------------------
---------------------------------------------------------------------------------
Start Writing Synthesis Report
---------------------------------------------------------------------------------

Report BlackBoxes: 
+-+--------------+----------+
| |BlackBox name |Instances |
+-+--------------+----------+
+-+--------------+----------+

Report Cell Usage: 
+------+-----+------+
|      |Cell |Count |
+------+-----+------+
|1     |LUT2 |     1|
|2     |LUT4 |     2|
|3     |LUT5 |     2|
|4     |LUT6 |     4|
|5     |IBUF |     9|
|6     |OBUF |     5|
+------+-----+------+

Report Instance Areas: 
+------+---------+-------+------+
|      |Instance |Module |Cells |
+------+---------+-------+------+
|1     |top      |       |    23|
+------+---------+-------+------+
---------------------------------------------------------------------------------
Finished Writing Synthesis Report : Time (s): cpu = 00:00:20 ; elapsed = 00:00:52 . Memory (MB): peak = 1222.020 ; gain = 741.867
---------------------------------------------------------------------------------
Synthesis finished with 0 errors, 0 critical warnings and 2 warnings.
Synthesis Optimization Runtime : Time (s): cpu = 00:00:20 ; elapsed = 00:00:52 . Memory (MB): peak = 1222.020 ; gain = 741.867
Synthesis Optimization Complete : Time (s): cpu = 00:00:20 ; elapsed = 00:00:52 . Memory (MB): peak = 1222.020 ; gain = 741.867
INFO: [Project 1-571] Translating synthesized netlist
Netlist sorting complete. Time (s): cpu = 00:00:00 ; elapsed = 00:00:00.002 . Memory (MB): peak = 1231.809 ; gain = 0.000
INFO: [Project 1-570] Preparing netlist for logic optimization
INFO: [Opt 31-138] Pushed 0 inverter(s) to 0 load pin(s).
Netlist sorting complete. Time (s): cpu = 00:00:00 ; elapsed = 00:00:00 . Memory (MB): peak = 1338.512 ; gain = 0.000
INFO: [Project 1-111] Unisim Transformation Summary:
No Unisim elements were transformed.

Synth Design complete | Checksum: 6004b4cc
INFO: [Common 17-83] Releasing license: Synthesis
26 Infos, 2 Warnings, 0 Critical Warnings and 0 Errors encountered.
synth_design completed successfully
synth_design: Time (s): cpu = 00:00:23 ; elapsed = 00:01:07 . Memory (MB): peak = 1338.512 ; gain = 865.938
INFO: [Common 17-1381] The checkpoint 'D:/Verilog Projects/4bitAdder/4bitAdder.runs/synth_1/AddSub.dcp' has been generated.
INFO: [runtcl-4] Executing : report_utilization -file AddSub_utilization_synth.rpt -pb AddSub_utilization_synth.pb
INFO: [Common 17-206] Exiting Vivado at Tue Aug 15 17:02:12 2023...
