Time resolution is 1 ps
                   0A = 1, clk = 0, clr = 1, Q = xxxx
                   0A = 1, clk = 0, clr = 1, Q = 0000
                  10A = 1, clk = 1, clr = 1, Q = 0000
                  20A = 1, clk = 0, clr = 1, Q = 0000
                  30A = 1, clk = 1, clr = 1, Q = 0000
                  40A = 1, clk = 0, clr = 1, Q = 0000
                  50A = 1, clk = 1, clr = 1, Q = 0000
                  60A = 1, clk = 0, clr = 1, Q = 0000
                  70A = 1, clk = 1, clr = 1, Q = 0000
                  80A = 1, clk = 0, clr = 1, Q = 0000
                  90A = 1, clk = 1, clr = 1, Q = 0000
                 100A = 1, clk = 0, clr = 1, Q = 0000
                 110A = 1, clk = 1, clr = 1, Q = 0000
                 110A = 1, clk = 1, clr = 1, Q = 0001
                 110A = 1, clk = 1, clr = 1, Q = 0011
                 110A = 1, clk = 1, clr = 1, Q = 0111
                 110A = 1, clk = 1, clr = 1, Q = 1111
                 120A = 1, clk = 0, clr = 1, Q = 1111
                 130A = 1, clk = 1, clr = 1, Q = 1111
                 140A = 1, clk = 0, clr = 1, Q = 1111
                 150A = 1, clk = 1, clr = 1, Q = 1111
                 160A = 1, clk = 0, clr = 1, Q = 1111
                 170A = 1, clk = 1, clr = 1, Q = 1111
                 180A = 1, clk = 0, clr = 1, Q = 1111
                 190A = 1, clk = 1, clr = 1, Q = 1111
                 200A = 1, clk = 0, clr = 1, Q = 1111
                 210A = 1, clk = 1, clr = 1, Q = 1111
                 220A = 1, clk = 0, clr = 1, Q = 1111
                 230A = 1, clk = 1, clr = 1, Q = 1111
                 240A = 1, clk = 0, clr = 1, Q = 1111
                 250A = 1, clk = 1, clr = 1, Q = 1111
                 260A = 1, clk = 0, clr = 1, Q = 1111
                 270A = 1, clk = 1, clr = 1, Q = 1111
                 280A = 1, clk = 0, clr = 1, Q = 1111
                 290A = 1, clk = 1, clr = 1, Q = 1111
                 300A = 1, clk = 0, clr = 1, Q = 1111
                 310A = 1, clk = 1, clr = 1, Q = 1111
                 320A = 1, clk = 0, clr = 1, Q = 1111
                 330A = 1, clk = 1, clr = 1, Q = 1111
                 340A = 1, clk = 0, clr = 1, Q = 1111
                 350A = 1, clk = 1, clr = 1, Q = 1111
                 360A = 1, clk = 0, clr = 1, Q = 1111
                 370A = 1, clk = 1, clr = 1, Q = 1111
                 380A = 1, clk = 0, clr = 1, Q = 1111
                 390A = 1, clk = 1, clr = 1, Q = 1111
                 400A = 1, clk = 0, clr = 1, Q = 1111
                 410A = 1, clk = 1, clr = 1, Q = 1111
                 420A = 1, clk = 0, clr = 1, Q = 1111
                 430A = 1, clk = 1, clr = 1, Q = 1111
                 440A = 1, clk = 0, clr = 1, Q = 1111
                 450A = 1, clk = 1, clr = 1, Q = 1111
                 460A = 1, clk = 0, clr = 1, Q = 1111
                 470A = 1, clk = 1, clr = 1, Q = 1111
                 480A = 1, clk = 0, clr = 1, Q = 1111
                 490A = 1, clk = 1, clr = 1, Q = 1111
                 500A = 1, clk = 0, clr = 1, Q = 1111
                 510A = 1, clk = 1, clr = 1, Q = 1111
                 520A = 1, clk = 0, clr = 1, Q = 1111
                 530A = 1, clk = 1, clr = 1, Q = 1111
                 540A = 1, clk = 0, clr = 1, Q = 1111
                 550A = 1, clk = 1, clr = 1, Q = 1111
                 560A = 1, clk = 0, clr = 1, Q = 1111
                 570A = 1, clk = 1, clr = 1, Q = 1111
                 580A = 1, clk = 0, clr = 1, Q = 1111
                 590A = 1, clk = 1, clr = 1, Q = 1111
                 600A = 1, clk = 0, clr = 1, Q = 1111
                 610A = 1, clk = 1, clr = 1, Q = 1111
                 620A = 1, clk = 0, clr = 1, Q = 1111
                 630A = 1, clk = 1, clr = 1, Q = 1111
                 640A = 1, clk = 0, clr = 1, Q = 1111
                 650A = 1, clk = 1, clr = 1, Q = 1111
                 660A = 1, clk = 0, clr = 1, Q = 1111
                 670A = 1, clk = 1, clr = 1, Q = 1111
                 680A = 1, clk = 0, clr = 1, Q = 1111
                 690A = 1, clk = 1, clr = 1, Q = 1111
                 700A = 1, clk = 0, clr = 1, Q = 1111
                 710A = 1, clk = 1, clr = 1, Q = 1111
                 720A = 1, clk = 0, clr = 1, Q = 1111
                 730A = 1, clk = 1, clr = 1, Q = 1111
                 740A = 1, clk = 0, clr = 1, Q = 1111
                 750A = 1, clk = 1, clr = 1, Q = 1111
                 760A = 1, clk = 0, clr = 1, Q = 1111
                 770A = 1, clk = 1, clr = 1, Q = 1111
                 780A = 1, clk = 0, clr = 1, Q = 1111
                 790A = 1, clk = 1, clr = 1, Q = 1111
                 800A = 1, clk = 0, clr = 1, Q = 1111
                 810A = 1, clk = 1, clr = 1, Q = 1111
                 820A = 1, clk = 0, clr = 1, Q = 1111
                 830A = 1, clk = 1, clr = 1, Q = 1111
                 840A = 1, clk = 0, clr = 1, Q = 1111
                 850A = 1, clk = 1, clr = 1, Q = 1111
                 860A = 1, clk = 0, clr = 1, Q = 1111
                 870A = 1, clk = 1, clr = 1, Q = 1111
                 880A = 1, clk = 0, clr = 1, Q = 1111
                 890A = 1, clk = 1, clr = 1, Q = 1111
                 900A = 1, clk = 0, clr = 1, Q = 1111
                 910A = 1, clk = 1, clr = 1, Q = 1111
                 920A = 1, clk = 0, clr = 1, Q = 1111
                 930A = 1, clk = 1, clr = 1, Q = 1111
                 940A = 1, clk = 0, clr = 1, Q = 1111
                 950A = 1, clk = 1, clr = 1, Q = 1111
                 960A = 1, clk = 0, clr = 1, Q = 1111
                 970A = 1, clk = 1, clr = 1, Q = 1111
                 980A = 1, clk = 0, clr = 1, Q = 1111
                 990A = 1, clk = 1, clr = 1, Q = 1111
                1000A = 1, clk = 0, clr = 1, Q = 1111
