Vivado Simulator v2023.1
Copyright 1986-2022 Xilinx, Inc. All Rights Reserved.
Copyright 2022-2023 Advanced Micro Devices, Inc. All Rights Reserved.
Running: D:/Xilinx/Vivado/2023.1/bin/unwrapped/win64.o/xelab.exe --incr --debug typical --relax --mt 2 --maxdelay -L xil_defaultlib -L simprims_ver -L secureip --snapshot Circuit_test_time_synth -transport_int_delays -pulse_r 0 -pulse_int_r 0 -pulse_e 0 -pulse_int_e 0 xil_defaultlib.Circuit_test xil_defaultlib.glbl -log elaborate.log 
Using 2 slave threads.
Starting static elaboration
Pass Through NonSizing Optimizer
Completed static elaboration
Starting simulation data flow analysis
Completed simulation data flow analysis
INFO: [XSIM 43-3451] SDF backannotation process started with SDF file "Circuit_test_time_synth.sdf", for root module "Circuit_test/M1".
INFO: [XSIM 43-3452] SDF backannotation was successful for SDF file "Circuit_test_time_synth.sdf", for root module "Circuit_test/M1".
Time Resolution for simulation is 1ps
Compiling module simprims_ver.IBUF
Compiling module simprims_ver.OBUF
Compiling module simprims_ver.LUT4(INIT=16'b1111110111111111)
Compiling module xil_defaultlib.Circuit
Compiling module xil_defaultlib.Circuit_test
Compiling module xil_defaultlib.glbl
Built simulation snapshot Circuit_test_time_synth
