Vivado Simulator v2023.1
Copyright 1986-2022 Xilinx, Inc. All Rights Reserved.
Copyright 2022-2023 Advanced Micro Devices, Inc. All Rights Reserved.
Running: D:/Xilinx/Vivado/2023.1/bin/unwrapped/win64.o/xelab.exe --incr --debug typical --relax --mt 2 --maxdelay -L xil_defaultlib -L simprims_ver -L secureip --snapshot count_test_time_synth -transport_int_delays -pulse_r 0 -pulse_int_r 0 -pulse_e 0 -pulse_int_e 0 xil_defaultlib.count_test xil_defaultlib.glbl -log elaborate.log 
Using 2 slave threads.
Starting static elaboration
Pass Through NonSizing Optimizer
Completed static elaboration
Starting simulation data flow analysis
Completed simulation data flow analysis
INFO: [XSIM 43-3451] SDF backannotation process started with SDF file "count_test_time_synth.sdf", for root module "count_test/M0".
INFO: [XSIM 43-3452] SDF backannotation was successful for SDF file "count_test_time_synth.sdf", for root module "count_test/M0".
Time Resolution for simulation is 1ps
Compiling module simprims_ver.IBUF
Compiling module simprims_ver.OBUF
Compiling module simprims_ver.FDRE_default
Compiling module xil_defaultlib.TFF
Compiling module xil_defaultlib.TFF_0
Compiling module xil_defaultlib.TFF_1
Compiling module simprims_ver.x_lut1_mux2
Compiling module simprims_ver.LUT1(INIT=2'b01)
Compiling module xil_defaultlib.TFF_2
Compiling module simprims_ver.BUFG
Compiling module xil_defaultlib.count
Compiling module xil_defaultlib.count_test
Compiling module xil_defaultlib.glbl
Built simulation snapshot count_test_time_synth
